This is pdfTeX, Version 3.14159265-2.6-1.40.19 (TeX Live 2018/Arch Linux) (preloaded format=pdflatex 2019.1.20)  27 JAN 2019 22:55
entering extended mode
 restricted \write18 enabled.
 %&-line parsing enabled.
**doku.tex
(./doku.tex
LaTeX2e <2018-04-01> patch level 5
(./fer.cls
Document Class: fer 
(/usr/share/texmf-dist/tex/latex/base/report.cls
Document Class: report 2014/09/29 v1.4h Standard LaTeX document class
(/usr/share/texmf-dist/tex/latex/base/size12.clo
File: size12.clo 2014/09/29 v1.4h Standard LaTeX file (size option)
)
\c@part=\count80
\c@chapter=\count81
\c@section=\count82
\c@subsection=\count83
\c@subsubsection=\count84
\c@paragraph=\count85
\c@subparagraph=\count86
\c@figure=\count87
\c@table=\count88
\abovecaptionskip=\skip41
\belowcaptionskip=\skip42
\bibindent=\dimen102
)
(/usr/share/texmf-dist/tex/latex/geometry/geometry.sty
Package: geometry 2018/04/16 v5.8 Page Geometry

(/usr/share/texmf-dist/tex/latex/graphics/keyval.sty
Package: keyval 2014/10/28 v1.15 key=value parser (DPC)
\KV@toks@=\toks14
)
(/usr/share/texmf-dist/tex/generic/oberdiek/ifpdf.sty
Package: ifpdf 2018/09/07 v3.3 Provides the ifpdf switch
)
(/usr/share/texmf-dist/tex/generic/oberdiek/ifvtex.sty
Package: ifvtex 2016/05/16 v1.6 Detect VTeX and its facilities (HO)
Package ifvtex Info: VTeX not detected.
)
(/usr/share/texmf-dist/tex/generic/ifxetex/ifxetex.sty
Package: ifxetex 2010/09/12 v0.6 Provides ifxetex conditional
)
\Gm@cnth=\count89
\Gm@cntv=\count90
\c@Gm@tempcnt=\count91
\Gm@bindingoffset=\dimen103
\Gm@wd@mp=\dimen104
\Gm@odd@mp=\dimen105
\Gm@even@mp=\dimen106
\Gm@layoutwidth=\dimen107
\Gm@layoutheight=\dimen108
\Gm@layouthoffset=\dimen109
\Gm@layoutvoffset=\dimen110
\Gm@dimlist=\toks15
)
(/usr/share/texmf-dist/tex/latex/base/inputenc.sty
Package: inputenc 2018/04/06 v1.3b Input encoding file
\inpenc@prehook=\toks16
\inpenc@posthook=\toks17
)
(/usr/share/texmf-dist/tex/generic/babel/babel.sty
Package: babel 2018/11/13 3.27 The Babel package

(/usr/share/texmf-dist/tex/generic/babel/switch.def
File: switch.def 2018/11/13 3.27 Babel switching mechanism
)
(/usr/share/texmf-dist/tex/generic/babel-croatian/croatian.ldf
Language: croatian 2014/03/31 v1.3m Croatian support from the babel system

(/usr/share/texmf-dist/tex/generic/babel/babel.def
File: babel.def 2018/11/13 3.27 Babel common definitions
\babel@savecnt=\count92
\U@D=\dimen111

(/usr/share/texmf-dist/tex/generic/babel/txtbabel.def)
\bbl@dirlevel=\count93
)))
(/usr/share/texmf-dist/tex/latex/graphics/graphicx.sty
Package: graphicx 2017/06/01 v1.1a Enhanced LaTeX Graphics (DPC,SPQR)

(/usr/share/texmf-dist/tex/latex/graphics/graphics.sty
Package: graphics 2017/06/25 v1.2c Standard LaTeX Graphics (DPC,SPQR)

(/usr/share/texmf-dist/tex/latex/graphics/trig.sty
Package: trig 2016/01/03 v1.10 sin cos tan (DPC)
)
(/usr/share/texmf-dist/tex/latex/graphics-cfg/graphics.cfg
File: graphics.cfg 2016/06/04 v1.11 sample graphics configuration
)
Package graphics Info: Driver file: pdftex.def on input line 99.

(/usr/share/texmf-dist/tex/latex/graphics-def/pdftex.def
File: pdftex.def 2018/01/08 v1.0l Graphics/color driver for pdftex
))
\Gin@req@height=\dimen112
\Gin@req@width=\dimen113
)
(/usr/share/texmf-dist/tex/latex/amsfonts/amssymb.sty
Package: amssymb 2013/01/14 v3.01 AMS font symbols

(/usr/share/texmf-dist/tex/latex/amsfonts/amsfonts.sty
Package: amsfonts 2013/01/14 v3.01 Basic AMSFonts support
\@emptytoks=\toks18
\symAMSa=\mathgroup4
\symAMSb=\mathgroup5
LaTeX Font Info:    Overwriting math alphabet `\mathfrak' in version `bold'
(Font)                  U/euf/m/n --> U/euf/b/n on input line 106.
))
(/usr/share/texmf-dist/tex/latex/amsmath/amsmath.sty
Package: amsmath 2017/09/02 v2.17a AMS math features
\@mathmargin=\skip43

For additional information on amsmath, use the `?' option.
(/usr/share/texmf-dist/tex/latex/amsmath/amstext.sty
Package: amstext 2000/06/29 v2.01 AMS text

(/usr/share/texmf-dist/tex/latex/amsmath/amsgen.sty
File: amsgen.sty 1999/11/30 v2.0 generic functions
\@emptytoks=\toks19
\ex@=\dimen114
))
(/usr/share/texmf-dist/tex/latex/amsmath/amsbsy.sty
Package: amsbsy 1999/11/29 v1.2d Bold Symbols
\pmbraise@=\dimen115
)
(/usr/share/texmf-dist/tex/latex/amsmath/amsopn.sty
Package: amsopn 2016/03/08 v2.02 operator names
)
\inf@bad=\count94
LaTeX Info: Redefining \frac on input line 213.
\uproot@=\count95
\leftroot@=\count96
LaTeX Info: Redefining \overline on input line 375.
\classnum@=\count97
\DOTSCASE@=\count98
LaTeX Info: Redefining \ldots on input line 472.
LaTeX Info: Redefining \dots on input line 475.
LaTeX Info: Redefining \cdots on input line 596.
\Mathstrutbox@=\box26
\strutbox@=\box27
\big@size=\dimen116
LaTeX Font Info:    Redeclaring font encoding OML on input line 712.
LaTeX Font Info:    Redeclaring font encoding OMS on input line 713.
\macc@depth=\count99
\c@MaxMatrixCols=\count100
\dotsspace@=\muskip10
\c@parentequation=\count101
\dspbrk@lvl=\count102
\tag@help=\toks20
\row@=\count103
\column@=\count104
\maxfields@=\count105
\andhelp@=\toks21
\eqnshift@=\dimen117
\alignsep@=\dimen118
\tagshift@=\dimen119
\tagwidth@=\dimen120
\totwidth@=\dimen121
\lineht@=\dimen122
\@envbody=\toks22
\multlinegap=\skip44
\multlinetaggap=\skip45
\mathdisplay@stack=\toks23
LaTeX Info: Redefining \[ on input line 2817.
LaTeX Info: Redefining \] on input line 2818.
)
(/usr/share/texmf-dist/tex/latex/base/fixltx2e.sty
Package: fixltx2e 2016/12/29 v2.1a fixes to LaTeX (obsolete)
Applying: [2015/01/01] Old fixltx2e package on input line 46.


Package fixltx2e Warning: fixltx2e is not required with releases after 2015
(fixltx2e)                All fixes are now in the LaTeX kernel.
(fixltx2e)                See the latexrelease package for details.

Already applied: [0000/00/00] Old fixltx2e package on input line 53.
) (/usr/share/texmf-dist/tex/latex/caption/caption.sty
Package: caption 2018/10/06 v3.3-154 Customizing captions (AR)

(/usr/share/texmf-dist/tex/latex/caption/caption3.sty
Package: caption3 2018/09/12 v1.8c caption3 kernel (AR)
Package caption3 Info: TeX engine: e-TeX on input line 64.
\captionmargin=\dimen123
\captionmargin@=\dimen124
\captionwidth=\dimen125
\caption@tempdima=\dimen126
\caption@indent=\dimen127
\caption@parindent=\dimen128
\caption@hangindent=\dimen129
)
\c@caption@flags=\count106
\c@ContinuedFloat=\count107
)
(/usr/share/texmf-dist/tex/latex/base/ifthen.sty
Package: ifthen 2014/09/29 v1.1c Standard LaTeX ifthen package (DPC)
)
(/usr/share/texmf-dist/tex/latex/url/url.sty
\Urlmuskip=\muskip11
Package: url 2013/09/16  ver 3.4  Verb mode for urls, etc.
)
(/usr/share/texmf-dist/tex/latex/enumitem/enumitem.sty
Package: enumitem 2018/11/30 v3.6 Customized lists
\labelindent=\skip46
\enit@outerparindent=\dimen130
\enit@toks=\toks24
\enit@inbox=\box28
\enitdp@description=\count108
)
(/usr/share/texmf-dist/tex/latex/tocbibind/tocbibind.sty
Package: tocbibind 2010/10/13 v1.5k extra ToC listings
Package tocbibind Info: The document has chapter divisions on input line 50.


Package tocbibind Note: Using chapter style headings, unless overridden.

) (/usr/share/texmf-dist/tex/latex/psnfss/times.sty
Package: times 2005/04/12 PSNFSS-v9.2a (SPQR) 
)
(/usr/share/texmf-dist/tex/latex/base/fontenc.sty
Package: fontenc 2017/04/05 v2.0i Standard LaTeX package

(/usr/share/texmf-dist/tex/latex/base/t1enc.def
File: t1enc.def 2017/04/05 v2.0i Standard LaTeX file
LaTeX Font Info:    Redeclaring font encoding T1 on input line 48.
))
(/usr/share/texmf-dist/tex/latex/natbib/natbib.sty
Package: natbib 2010/09/13 8.31b (PWD, AO)
\bibhang=\skip47
\bibsep=\skip48
LaTeX Info: Redefining \cite on input line 694.
\c@NAT@ctr=\count109
)
\listindentation=\dimen131
)
(/usr/share/texmf-dist/tex/latex/booktabs/booktabs.sty
Package: booktabs 2016/04/27 v1.618033 publication quality tables
\heavyrulewidth=\dimen132
\lightrulewidth=\dimen133
\cmidrulewidth=\dimen134
\belowrulesep=\dimen135
\belowbottomsep=\dimen136
\aboverulesep=\dimen137
\abovetopsep=\dimen138
\cmidrulesep=\dimen139
\cmidrulekern=\dimen140
\defaultaddspace=\dimen141
\@cmidla=\count110
\@cmidlb=\count111
\@aboverulesep=\dimen142
\@belowrulesep=\dimen143
\@thisruleclass=\count112
\@lastruleclass=\count113
\@thisrulewidth=\dimen144
)
(/usr/share/texmf-dist/tex/latex/algorithms/algorithm.sty
Package: algorithm 2009/08/24 v0.1 Document Style `algorithm' - floating enviro
nment

(/usr/share/texmf-dist/tex/latex/float/float.sty
Package: float 2001/11/08 v1.3d Float enhancements (AL)
\c@float@type=\count114
\float@exts=\toks25
\float@box=\box29
\@float@everytoks=\toks26
\@floatcapt=\box30
)
\@float@every@algorithm=\toks27
\c@algorithm=\count115
)
(/usr/share/texmf-dist/tex/latex/algorithmicx/algpseudocode.sty
Package: algpseudocode 

(/usr/share/texmf-dist/tex/latex/algorithmicx/algorithmicx.sty
Package: algorithmicx 2005/04/27 v1.2 Algorithmicx

Document Style algorithmicx 1.2 - a greatly improved `algorithmic' style
\c@ALG@line=\count116
\c@ALG@rem=\count117
\c@ALG@nested=\count118
\ALG@tlm=\skip49
\ALG@thistlm=\skip50
\c@ALG@Lnr=\count119
\c@ALG@blocknr=\count120
\c@ALG@storecount=\count121
\c@ALG@tmpcounter=\count122
\ALG@tmplength=\skip51
)
Document Style - pseudocode environments for use with the `algorithmicx' style
) (/usr/share/texmf-dist/tex/latex/tools/bm.sty
Package: bm 2017/01/16 v1.2c Bold Symbol Support (DPC/FMi)
\symboldoperators=\mathgroup6
\symboldletters=\mathgroup7
\symboldsymbols=\mathgroup8
LaTeX Font Info:    Redeclaring math alphabet \mathbf on input line 141.
LaTeX Info: Redefining \bm on input line 207.
)
(/usr/share/texmf-dist/tex/latex/subfig/subfig.sty
Package: subfig 2005/06/28 ver: 1.3 subfig package
\c@KVtest=\count123
\sf@farskip=\skip52
\sf@captopadj=\dimen145
\sf@capskip=\skip53
\sf@nearskip=\skip54
\c@subfigure=\count124
\c@subfigure@save=\count125
\c@lofdepth=\count126
\c@subtable=\count127
\c@subtable@save=\count128
\c@lotdepth=\count129
\sf@top=\skip55
\sf@bottom=\skip56
)
(/usr/share/texmf-dist/tex/latex/hyperref/hyperref.sty
Package: hyperref 2018/09/30 v6.88a Hypertext links for LaTeX

(/usr/share/texmf-dist/tex/generic/oberdiek/hobsub-hyperref.sty
Package: hobsub-hyperref 2016/05/16 v1.14 Bundle oberdiek, subset hyperref (HO)


(/usr/share/texmf-dist/tex/generic/oberdiek/hobsub-generic.sty
Package: hobsub-generic 2016/05/16 v1.14 Bundle oberdiek, subset generic (HO)
Package: hobsub 2016/05/16 v1.14 Construct package bundles (HO)
Package: infwarerr 2016/05/16 v1.4 Providing info/warning/error messages (HO)
Package: ltxcmds 2016/05/16 v1.23 LaTeX kernel commands for general use (HO)
Package: ifluatex 2016/05/16 v1.4 Provides the ifluatex switch (HO)
Package ifluatex Info: LuaTeX not detected.
Package hobsub Info: Skipping package `ifvtex' (already loaded).
Package: intcalc 2016/05/16 v1.2 Expandable calculations with integers (HO)
Package hobsub Info: Skipping package `ifpdf' (already loaded).
Package: etexcmds 2016/05/16 v1.6 Avoid name clashes with e-TeX commands (HO)
Package etexcmds Info: Could not find \expanded.
(etexcmds)             That can mean that you are not using pdfTeX 1.50 or
(etexcmds)             that some package has redefined \expanded.
(etexcmds)             In the latter case, load this package earlier.
Package: kvsetkeys 2016/05/16 v1.17 Key value parser (HO)
Package: kvdefinekeys 2016/05/16 v1.4 Define keys (HO)
Package: pdftexcmds 2018/09/10 v0.29 Utility functions of pdfTeX for LuaTeX (HO
)
Package pdftexcmds Info: LuaTeX not detected.
Package pdftexcmds Info: \pdf@primitive is available.
Package pdftexcmds Info: \pdf@ifprimitive is available.
Package pdftexcmds Info: \pdfdraftmode found.
Package: pdfescape 2016/05/16 v1.14 Implements pdfTeX's escape features (HO)
Package: bigintcalc 2016/05/16 v1.4 Expandable calculations on big integers (HO
)
Package: bitset 2016/05/16 v1.2 Handle bit-vector datatype (HO)
Package: uniquecounter 2016/05/16 v1.3 Provide unlimited unique counter (HO)
)
Package hobsub Info: Skipping package `hobsub' (already loaded).
Package: letltxmacro 2016/05/16 v1.5 Let assignment for LaTeX macros (HO)
Package: hopatch 2016/05/16 v1.3 Wrapper for package hooks (HO)
Package: xcolor-patch 2016/05/16 xcolor patch
Package: atveryend 2016/05/16 v1.9 Hooks at the very end of document (HO)
Package atveryend Info: \enddocument detected (standard20110627).
Package: atbegshi 2016/06/09 v1.18 At begin shipout hook (HO)
Package: refcount 2016/05/16 v3.5 Data extraction from label references (HO)
Package: hycolor 2016/05/16 v1.8 Color options for hyperref/bookmark (HO)
)
(/usr/share/texmf-dist/tex/latex/oberdiek/auxhook.sty
Package: auxhook 2016/05/16 v1.4 Hooks for auxiliary files (HO)
)
(/usr/share/texmf-dist/tex/latex/oberdiek/kvoptions.sty
Package: kvoptions 2016/05/16 v3.12 Key value format for package options (HO)
)
\@linkdim=\dimen146
\Hy@linkcounter=\count130
\Hy@pagecounter=\count131

(/usr/share/texmf-dist/tex/latex/hyperref/pd1enc.def
File: pd1enc.def 2018/09/30 v6.88a Hyperref: PDFDocEncoding definition (HO)
Now handling font encoding PD1 ...
... no UTF-8 mapping file for font encoding PD1
)
\Hy@SavedSpaceFactor=\count132

(/usr/share/texmf-dist/tex/latex/latexconfig/hyperref.cfg
File: hyperref.cfg 2002/06/06 v1.2 hyperref configuration of TeXLive
)
Package hyperref Info: Hyper figures OFF on input line 4535.
Package hyperref Info: Link nesting OFF on input line 4540.
Package hyperref Info: Hyper index ON on input line 4543.
Package hyperref Info: Plain pages OFF on input line 4550.
Package hyperref Info: Backreferencing OFF on input line 4555.
Package hyperref Info: Implicit mode ON; LaTeX internals redefined.
Package hyperref Info: Bookmarks ON on input line 4788.
\c@Hy@tempcnt=\count133
LaTeX Info: Redefining \url on input line 5141.
\XeTeXLinkMargin=\dimen147
\Fld@menulength=\count134
\Field@Width=\dimen148
\Fld@charsize=\dimen149
Package hyperref Info: Hyper figures OFF on input line 6396.
Package hyperref Info: Link nesting OFF on input line 6401.
Package hyperref Info: Hyper index ON on input line 6404.
Package hyperref Info: backreferencing OFF on input line 6411.
Package hyperref Info: Link coloring OFF on input line 6416.
Package hyperref Info: Link coloring with OCG OFF on input line 6421.
Package hyperref Info: PDF/A mode OFF on input line 6426.
LaTeX Info: Redefining \ref on input line 6466.
LaTeX Info: Redefining \pageref on input line 6470.
\Hy@abspage=\count135
\c@Item=\count136
\c@Hfootnote=\count137
)
Package hyperref Info: Driver (autodetected): hpdftex.

(/usr/share/texmf-dist/tex/latex/hyperref/hpdftex.def
File: hpdftex.def 2018/09/30 v6.88a Hyperref driver for pdfTeX
\Fld@listcount=\count138
\c@bookmark@seq@number=\count139

(/usr/share/texmf-dist/tex/latex/oberdiek/rerunfilecheck.sty
Package: rerunfilecheck 2016/05/16 v1.8 Rerun checks for auxiliary files (HO)
Package uniquecounter Info: New unique counter `rerunfilecheck' on input line 2
82.
)
\Hy@SectionHShift=\skip57
)
(/usr/share/texmf-dist/tex/latex/listings/listings.sty
\lst@mode=\count140
\lst@gtempboxa=\box31
\lst@token=\toks28
\lst@length=\count141
\lst@currlwidth=\dimen150
\lst@column=\count142
\lst@pos=\count143
\lst@lostspace=\dimen151
\lst@width=\dimen152
\lst@newlines=\count144
\lst@lineno=\count145
\lst@maxwidth=\dimen153

(/usr/share/texmf-dist/tex/latex/listings/lstmisc.sty
File: lstmisc.sty 2018/09/02 1.7 (Carsten Heinz)
\c@lstnumber=\count146
\lst@skipnumbers=\count147
\lst@framebox=\box32
)
(/usr/share/texmf-dist/tex/latex/listings/listings.cfg
File: listings.cfg 2018/09/02 1.7 listings configuration
))
Package: listings 2018/09/02 1.7 (Carsten Heinz)
 (./doku.aux)
\openout1 = `doku.aux'.

LaTeX Font Info:    Checking defaults for OML/cmm/m/it on input line 31.
LaTeX Font Info:    ... okay on input line 31.
LaTeX Font Info:    Checking defaults for T1/cmr/m/n on input line 31.
LaTeX Font Info:    ... okay on input line 31.
LaTeX Font Info:    Checking defaults for OT1/cmr/m/n on input line 31.
LaTeX Font Info:    ... okay on input line 31.
LaTeX Font Info:    Checking defaults for OMS/cmsy/m/n on input line 31.
LaTeX Font Info:    ... okay on input line 31.
LaTeX Font Info:    Checking defaults for OMX/cmex/m/n on input line 31.
LaTeX Font Info:    ... okay on input line 31.
LaTeX Font Info:    Checking defaults for U/cmr/m/n on input line 31.
LaTeX Font Info:    ... okay on input line 31.
LaTeX Font Info:    Checking defaults for PD1/pdf/m/n on input line 31.
LaTeX Font Info:    ... okay on input line 31.
LaTeX Font Info:    Try loading font information for T1+ptm on input line 31.

(/usr/share/texmf-dist/tex/latex/psnfss/t1ptm.fd
File: t1ptm.fd 2001/06/04 font definitions for T1/ptm.
)
*geometry* driver: auto-detecting
*geometry* detected driver: pdftex
*geometry* verbose mode - [ preamble ] result:
* driver: pdftex
* paper: a4paper
* layout: <same size as paper>
* layoutoffset:(h,v)=(0.0pt,0.0pt)
* modes: 
* h-part:(L,W,R)=(85.35826pt, 441.01773pt, 71.13188pt)
* v-part:(T,H,B)=(71.13188pt, 702.78308pt, 71.13188pt)
* \paperwidth=597.50787pt
* \paperheight=845.04684pt
* \textwidth=441.01773pt
* \textheight=702.78308pt
* \oddsidemargin=13.08827pt
* \evensidemargin=13.08827pt
* \topmargin=-38.1381pt
* \headheight=12.0pt
* \headsep=25.0pt
* \topskip=12.0pt
* \footskip=30.0pt
* \marginparwidth=44.0pt
* \marginparsep=10.0pt
* \columnsep=10.0pt
* \skip\footins=10.8pt plus 4.0pt minus 2.0pt
* \hoffset=0.0pt
* \voffset=0.0pt
* \mag=1000
* \@twocolumnfalse
* \@twosidefalse
* \@mparswitchfalse
* \@reversemarginfalse
* (1in=72.27pt=25.4mm, 1cm=28.453pt)

(/usr/share/texmf-dist/tex/context/base/mkii/supp-pdf.mkii
[Loading MPS to PDF converter (version 2006.09.02).]
\scratchcounter=\count148
\scratchdimen=\dimen154
\scratchbox=\box33
\nofMPsegments=\count149
\nofMParguments=\count150
\everyMPshowfont=\toks29
\MPscratchCnt=\count151
\MPscratchDim=\dimen155
\MPnumerator=\count152
\makeMPintoPDFobject=\count153
\everyMPtoPDFconversion=\toks30
) (/usr/share/texmf-dist/tex/latex/oberdiek/epstopdf-base.sty
Package: epstopdf-base 2016/05/15 v2.6 Base part for package epstopdf

(/usr/share/texmf-dist/tex/latex/oberdiek/grfext.sty
Package: grfext 2016/05/16 v1.2 Manage graphics extensions (HO)
)
Package epstopdf-base Info: Redefining graphics rule for `.eps' on input line 4
38.
Package grfext Info: Graphics extension search list:
(grfext)             [.pdf,.png,.jpg,.mps,.jpeg,.jbig2,.jb2,.PDF,.PNG,.JPG,.JPE
G,.JBIG2,.JB2,.eps]
(grfext)             \AppendGraphicsExtensions on input line 456.

(/usr/share/texmf-dist/tex/latex/latexconfig/epstopdf-sys.cfg
File: epstopdf-sys.cfg 2010/07/13 v1.3 Configuration of (r)epstopdf for TeX Liv
e
))
Package caption Info: Begin \AtBeginDocument code.
Package caption Info: subfig package v1.3 is loaded.
Package caption Info: float package is loaded.
Package caption Info: hyperref package is loaded.
Package caption Info: listings package is loaded.
Package caption Info: End \AtBeginDocument code.
\AtBeginShipoutBox=\box34
Package hyperref Info: Link coloring OFF on input line 31.

(/usr/share/texmf-dist/tex/latex/hyperref/nameref.sty
Package: nameref 2016/05/21 v2.44 Cross-referencing by name of section

(/usr/share/texmf-dist/tex/generic/oberdiek/gettitlestring.sty
Package: gettitlestring 2016/05/16 v1.5 Cleanup title references (HO)
)
\c@section@level=\count154
)
LaTeX Info: Redefining \ref on input line 31.
LaTeX Info: Redefining \pageref on input line 31.
LaTeX Info: Redefining \nameref on input line 31.
 (./doku.out)
(./doku.out)
\@outlinefile=\write3
\openout3 = `doku.out'.

\c@lstlisting=\count155
LaTeX Font Info:    Try loading font information for T1+phv on input line 45.
 (/usr/share/texmf-dist/tex/latex/psnfss/t1phv.fd
File: t1phv.fd 2001/06/04 scalable font definitions for T1/phv.
)
LaTeX Font Info:    Font shape `T1/phv/bx/n' in size <14.4> not available
(Font)              Font shape `T1/phv/b/n' tried instead on input line 45.
LaTeX Font Info:    Font shape `T1/phv/bx/n' in size <24.88> not available
(Font)              Font shape `T1/phv/b/n' tried instead on input line 45.
LaTeX Font Info:    Try loading font information for U+msa on input line 45.

(/usr/share/texmf-dist/tex/latex/amsfonts/umsa.fd
File: umsa.fd 2013/01/14 v3.01 AMS symbols A
)
LaTeX Font Info:    Try loading font information for U+msb on input line 45.

(/usr/share/texmf-dist/tex/latex/amsfonts/umsb.fd
File: umsb.fd 2013/01/14 v3.01 AMS symbols B
)
LaTeX Font Info:    Font shape `T1/phv/m/it' in size <14.4> not available
(Font)              Font shape `T1/phv/m/sl' tried instead on input line 45.
 [1

{/var/lib/texmf/fonts/map/pdftex/updmap/pdftex.map}] (./doku.toc
LaTeX Font Info:    Font shape `T1/ptm/bx/n' in size <12> not available
(Font)              Font shape `T1/ptm/b/n' tried instead on input line 2.
)
\tf@toc=\write4
\openout4 = `doku.toc'.

 [2

]
Poglavlje 1.
LaTeX Font Info:    Font shape `T1/ptm/bx/n' in size <24.88> not available
(Font)              Font shape `T1/ptm/b/n' tried instead on input line 48.
[1

]
LaTeX Font Info:    Font shape `T1/ptm/bx/n' in size <17.28> not available
(Font)              Font shape `T1/ptm/b/n' tried instead on input line 124.
LaTeX Font Info:    Try loading font information for T1+pcr on input line 125.
 (/usr/share/texmf-dist/tex/latex/psnfss/t1pcr.fd
File: t1pcr.fd 2001/06/04 font definitions for T1/pcr.
) [2] [3]
<./images/killeroo4.png, id=158, 702.625pt x 702.625pt>
File: ./images/killeroo4.png Graphic file (type png)
<use ./images/killeroo4.png>
Package pdftex.def Info: ./images/killeroo4.png  used on input line 180.
(pdftex.def)             Requested size: 220.50887pt x 220.5025pt.
LaTeX Font Info:    Font shape `T1/ptm/bx/n' in size <10.95> not available
(Font)              Font shape `T1/ptm/b/n' tried instead on input line 181.
 [4 <./images/killeroo4.png (PNG copy)>]
Poglavlje 2.
[5

] [6]
Poglavlje 3.

Package hyperref Warning: Composite letter `\textasciicaron+c'
(hyperref)                not defined in PD1 encoding,
(hyperref)                removing `\textasciicaron' on input line 262.

[7

]

Package hyperref Warning: Composite letter `\textasciicaron+c'
(hyperref)                not defined in PD1 encoding,
(hyperref)                removing `\textasciicaron' on input line 304.

<./images/noisy_color.png, id=196, 854.19125pt x 486.81876pt>
File: ./images/noisy_color.png Graphic file (type png)
<use ./images/noisy_color.png>
Package pdftex.def Info: ./images/noisy_color.png  used on input line 334.
(pdftex.def)             Requested size: 441.01773pt x 251.34215pt.
[8]
<./images/reference_color.png, id=202, 854.19125pt x 486.81876pt>
File: ./images/reference_color.png Graphic file (type png)
<use ./images/reference_color.png>
Package pdftex.def Info: ./images/reference_color.png  used on input line 341.
(pdftex.def)             Requested size: 441.01773pt x 251.34215pt.
<./images/noisy_diffuse.png, id=203, 854.19125pt x 486.81876pt>
File: ./images/noisy_diffuse.png Graphic file (type png)
<use ./images/noisy_diffuse.png>
Package pdftex.def Info: ./images/noisy_diffuse.png  used on input line 349.
(pdftex.def)             Requested size: 220.50887pt x 125.67107pt.
<./images/noisy_specular.png, id=204, 854.19125pt x 486.81876pt>
File: ./images/noisy_specular.png Graphic file (type png)
<use ./images/noisy_specular.png>
Package pdftex.def Info: ./images/noisy_specular.png  used on input line 349.
(pdftex.def)             Requested size: 220.50887pt x 125.67107pt.
<./images/noisy_albedo.png, id=205, 854.19125pt x 486.81876pt>
File: ./images/noisy_albedo.png Graphic file (type png)
<use ./images/noisy_albedo.png>
Package pdftex.def Info: ./images/noisy_albedo.png  used on input line 351.
(pdftex.def)             Requested size: 220.50887pt x 125.67107pt.
<./images/noisy_depth.png, id=206, 854.19125pt x 486.81876pt>
File: ./images/noisy_depth.png Graphic file (type png)
<use ./images/noisy_depth.png>
Package pdftex.def Info: ./images/noisy_depth.png  used on input line 351.
(pdftex.def)             Requested size: 220.50887pt x 125.67107pt.
<./images/noisy_normals.png, id=207, 854.19125pt x 486.81876pt>
File: ./images/noisy_normals.png Graphic file (type png)
<use ./images/noisy_normals.png>
Package pdftex.def Info: ./images/noisy_normals.png  used on input line 353.
(pdftex.def)             Requested size: 220.50887pt x 125.67107pt.
<./images/noisy_normalVariance.png, id=208, 854.19125pt x 486.81876pt>
File: ./images/noisy_normalVariance.png Graphic file (type png)
<use ./images/noisy_normalVariance.png>
Package pdftex.def Info: ./images/noisy_normalVariance.png  used on input line 
353.
(pdftex.def)             Requested size: 220.50887pt x 125.67107pt.

Overfull \hbox (24.0pt too wide) in paragraph at lines 348--356
[][] 
 []

[9 <./images/noisy_color.png> <./images/reference_color.png>] [10 <./images/noi
sy_diffuse.png> <./images/noisy_specular.png> <./images/noisy_albedo.png> <./im
ages/noisy_depth.png> <./images/noisy_normals.png> <./images/noisy_normalVarian
ce.png>]
<./images/impmap.png, id=228, 854.19125pt x 486.81876pt>
File: ./images/impmap.png Graphic file (type png)
<use ./images/impmap.png>
Package pdftex.def Info: ./images/impmap.png  used on input line 414.
(pdftex.def)             Requested size: 441.01773pt x 251.34215pt.


LaTeX Warning: `h' float specifier changed to `ht'.

[11]
<./images/uniform_patches.png, id=237, 878.28125pt x 577.15625pt>
File: ./images/uniform_patches.png Graphic file (type png)
<use ./images/uniform_patches.png>
Package pdftex.def Info: ./images/uniform_patches.png  used on input line 426.
(pdftex.def)             Requested size: 220.50887pt x 144.90517pt.
<./images/pruned_patches.png, id=238, 878.28125pt x 577.15625pt>
File: ./images/pruned_patches.png Graphic file (type png)
<use ./images/pruned_patches.png>
Package pdftex.def Info: ./images/pruned_patches.png  used on input line 426.
(pdftex.def)             Requested size: 220.50887pt x 144.90517pt.

Overfull \hbox (24.0pt too wide) in paragraph at lines 425--429
[][] 
 []

[12 <./images/impmap.png> <./images/uniform_patches.png> <./images/pruned_patch
es.png>]
<./images/samples_better.png, id=252, 180.675pt x 738.76pt>
File: ./images/samples_better.png Graphic file (type png)
<use ./images/samples_better.png>
Package pdftex.def Info: ./images/samples_better.png  used on input line 450.
(pdftex.def)             Requested size: 135.5059pt x 554.06863pt.
 [13 <./images/samples_better.png>]
Poglavlje 4.
<./images/architecture.png, id=260, 1224.575pt x 359.3425pt>
File: ./images/architecture.png Graphic file (type png)
<use ./images/architecture.png>
Package pdftex.def Info: ./images/architecture.png  used on input line 472.
(pdftex.def)             Requested size: 441.01773pt x 129.41254pt.
[14

 <./images/architecture.png>] [15]

Package hyperref Warning: Composite letter `\textasciicaron+c'
(hyperref)                not defined in PD1 encoding,
(hyperref)                removing `\textasciicaron' on input line 543.

[16]
Poglavlje 5.

Package hyperref Warning: Composite letter `\textasciicaron+c'
(hyperref)                not defined in PD1 encoding,
(hyperref)                removing `\textasciicaron' on input line 584.

<./images/time.png, id=282, 750.805pt x 321.2pt>
File: ./images/time.png Graphic file (type png)
<use ./images/time.png>
Package pdftex.def Info: ./images/time.png  used on input line 593.
(pdftex.def)             Requested size: 441.01773pt x 188.67317pt.
[17

]
<./images/time_my.png, id=291, 500.87125pt x 360.34625pt>
File: ./images/time_my.png Graphic file (type png)
<use ./images/time_my.png>
Package pdftex.def Info: ./images/time_my.png  used on input line 600.
(pdftex.def)             Requested size: 308.71106pt x 222.10924pt.
<./images/model_time.png, id=292, 499.8675pt x 360.34625pt>
File: ./images/model_time.png Graphic file (type png)
<use ./images/model_time.png>
Package pdftex.def Info: ./images/model_time.png  used on input line 606.
(pdftex.def)             Requested size: 308.71106pt x 222.55461pt.
 [18 <./images/time.png> <./images/time_my.png>]
<./images/eval1_in.png, id=301, 177.66376pt x 177.66376pt>
File: ./images/eval1_in.png Graphic file (type png)
<use ./images/eval1_in.png>
Package pdftex.def Info: ./images/eval1_in.png  used on input line 629.
(pdftex.def)             Requested size: 132.30666pt x 132.3095pt.
<./images/eval1_kpcn.png, id=302, 177.66376pt x 177.66376pt>
File: ./images/eval1_kpcn.png Graphic file (type png)
<use ./images/eval1_kpcn.png>
Package pdftex.def Info: ./images/eval1_kpcn.png  used on input line 631.
(pdftex.def)             Requested size: 132.30666pt x 132.3095pt.
<./images/eval1_dpcn.png, id=303, 177.66376pt x 177.66376pt>
File: ./images/eval1_dpcn.png Graphic file (type png)
<use ./images/eval1_dpcn.png>
Package pdftex.def Info: ./images/eval1_dpcn.png  used on input line 631.
(pdftex.def)             Requested size: 132.30666pt x 132.3095pt.
<./images/eval1_ref.png, id=304, 177.66376pt x 177.66376pt>
File: ./images/eval1_ref.png Graphic file (type png)
<use ./images/eval1_ref.png>
Package pdftex.def Info: ./images/eval1_ref.png  used on input line 633.
(pdftex.def)             Requested size: 132.30666pt x 132.3095pt.
 [19 <./images/model_time.png>]
<./images/eval2_in.png, id=312, 177.66376pt x 177.66376pt>
File: ./images/eval2_in.png Graphic file (type png)
<use ./images/eval2_in.png>
Package pdftex.def Info: ./images/eval2_in.png  used on input line 649.
(pdftex.def)             Requested size: 132.30666pt x 132.3095pt.
<./images/eval2_kpcn.png, id=313, 177.66376pt x 177.66376pt>
File: ./images/eval2_kpcn.png Graphic file (type png)
<use ./images/eval2_kpcn.png>
Package pdftex.def Info: ./images/eval2_kpcn.png  used on input line 651.
(pdftex.def)             Requested size: 132.30666pt x 132.3095pt.
<./images/eval2_dpcn.png, id=314, 177.66376pt x 177.66376pt>
File: ./images/eval2_dpcn.png Graphic file (type png)
<use ./images/eval2_dpcn.png>
Package pdftex.def Info: ./images/eval2_dpcn.png  used on input line 651.
(pdftex.def)             Requested size: 132.30666pt x 132.3095pt.
<./images/eval2_ref.png, id=315, 177.66376pt x 177.66376pt>
File: ./images/eval2_ref.png Graphic file (type png)
<use ./images/eval2_ref.png>
Package pdftex.def Info: ./images/eval2_ref.png  used on input line 653.
(pdftex.def)             Requested size: 132.30666pt x 132.3095pt.
 [20 <./images/eval1_in.png> <./images/eval1_kpcn.png> <./images/eval1_dpcn.png
> <./images/eval1_ref.png>]
<./images/eval3_in.png, id=325, 177.66376pt x 177.66376pt>
File: ./images/eval3_in.png Graphic file (type png)
<use ./images/eval3_in.png>
Package pdftex.def Info: ./images/eval3_in.png  used on input line 663.
(pdftex.def)             Requested size: 132.30666pt x 132.3095pt.
<./images/eval3_kpcn.png, id=326, 177.66376pt x 177.66376pt>
File: ./images/eval3_kpcn.png Graphic file (type png)
<use ./images/eval3_kpcn.png>
Package pdftex.def Info: ./images/eval3_kpcn.png  used on input line 665.
(pdftex.def)             Requested size: 132.30666pt x 132.3095pt.
<./images/eval3_dpcn.png, id=327, 177.66376pt x 177.66376pt>
File: ./images/eval3_dpcn.png Graphic file (type png)
<use ./images/eval3_dpcn.png>
Package pdftex.def Info: ./images/eval3_dpcn.png  used on input line 665.
(pdftex.def)             Requested size: 132.30666pt x 132.3095pt.
<./images/eval3_ref.png, id=328, 177.66376pt x 177.66376pt>
File: ./images/eval3_ref.png Graphic file (type png)
<use ./images/eval3_ref.png>
Package pdftex.def Info: ./images/eval3_ref.png  used on input line 667.
(pdftex.def)             Requested size: 132.30666pt x 132.3095pt.
 [21 <./images/eval2_in.png> <./images/eval2_kpcn.png> <./images/eval2_dpcn.png
> <./images/eval2_ref.png>]
<./images/eval4_in.png, id=340, 854.19125pt x 475.7775pt>
File: ./images/eval4_in.png Graphic file (type png)
<use ./images/eval4_in.png>
Package pdftex.def Info: ./images/eval4_in.png  used on input line 679.
(pdftex.def)             Requested size: 330.76329pt x 184.23119pt.
<./images/eval4_kpcn.png, id=341, 854.19125pt x 475.7775pt>
File: ./images/eval4_kpcn.png Graphic file (type png)
<use ./images/eval4_kpcn.png>
Package pdftex.def Info: ./images/eval4_kpcn.png  used on input line 681.
(pdftex.def)             Requested size: 330.76329pt x 184.23119pt.
<./images/eval4_ref.png, id=342, 854.19125pt x 475.7775pt>
File: ./images/eval4_ref.png Graphic file (type png)
<use ./images/eval4_ref.png>
Package pdftex.def Info: ./images/eval4_ref.png  used on input line 683.
(pdftex.def)             Requested size: 330.76329pt x 184.23119pt.
 [22 <./images/eval3_in.png> <./images/eval3_kpcn.png> <./images/eval3_dpcn.png
> <./images/eval3_ref.png>]
File: ./images/eval4_in.png Graphic file (type png)
<use ./images/eval4_in.png>
Package pdftex.def Info: ./images/eval4_in.png  used on input line 693.
(pdftex.def)             Requested size: 330.76329pt x 184.23119pt.
<./images/eval4_dpcn.png, id=352, 854.19125pt x 475.7775pt>
File: ./images/eval4_dpcn.png Graphic file (type png)
<use ./images/eval4_dpcn.png>
Package pdftex.def Info: ./images/eval4_dpcn.png  used on input line 695.
(pdftex.def)             Requested size: 330.76329pt x 184.23119pt.
File: ./images/eval4_ref.png Graphic file (type png)
<use ./images/eval4_ref.png>
Package pdftex.def Info: ./images/eval4_ref.png  used on input line 697.
(pdftex.def)             Requested size: 330.76329pt x 184.23119pt.
 [23 <./images/eval4_in.png> <./images/eval4_kpcn.png> <./images/eval4_ref.png>
]
<./images/eval5_in.png, id=362, 854.19125pt x 475.7775pt>
File: ./images/eval5_in.png Graphic file (type png)
<use ./images/eval5_in.png>
Package pdftex.def Info: ./images/eval5_in.png  used on input line 707.
(pdftex.def)             Requested size: 330.76329pt x 184.23119pt.
<./images/eval5_dpcn.png, id=363, 854.19125pt x 475.7775pt>
File: ./images/eval5_dpcn.png Graphic file (type png)
<use ./images/eval5_dpcn.png>
Package pdftex.def Info: ./images/eval5_dpcn.png  used on input line 709.
(pdftex.def)             Requested size: 330.76329pt x 184.23119pt.
<./images/eval5_ref.png, id=364, 854.19125pt x 475.7775pt>
File: ./images/eval5_ref.png Graphic file (type png)
<use ./images/eval5_ref.png>
Package pdftex.def Info: ./images/eval5_ref.png  used on input line 711.
(pdftex.def)             Requested size: 330.76329pt x 184.23119pt.
 [24 <./images/eval4_dpcn.png>] [25 <./images/eval5_in.png> <./images/eval5_dpc
n.png> <./images/eval5_ref.png>] [26]
Poglavlje 6.

Underfull \hbox (badness 10000) in paragraph at lines 735--735
[][][][]$\T1/pcr/m/n/10 https : / / research . nvidia . com / sites / default /
 files / publications / dnn _
 []

[27

]
Poglavlje 7.

Package hyperref Warning: Composite letter `\textasciicaron+c'
(hyperref)                not defined in PD1 encoding,
(hyperref)                removing `\textasciicaron' on input line 739.


Package hyperref Warning: Composite letter `\textasciicaron+c'
(hyperref)                not defined in PD1 encoding,
(hyperref)                removing `\textasciicaron' on input line 752.

(/usr/share/texmf-dist/tex/latex/listings/lstlang1.sty
File: lstlang1.sty 2018/09/02 1.7 listings language file
)
Package hyperref Info: bookmark level for unknown lstlisting defaults to 0 on i
nput line 756.
LaTeX Font Info:    Font shape `T1/ptm/bx/n' in size <6> not available
(Font)              Font shape `T1/ptm/b/n' tried instead on input line 757.
LaTeX Font Info:    Try loading font information for OMS+ptm on input line 776.


(/usr/share/texmf-dist/tex/latex/psnfss/omsptm.fd
File: omsptm.fd 
)
LaTeX Font Info:    Font shape `OMS/ptm/m/n' in size <6> not available
(Font)              Font shape `OMS/cmsy/m/n' tried instead on input line 776.
 [28

] [29] (./doku.bbl
[30]
Poglavlje 8.
)
Package atveryend Info: Empty hook `BeforeClearDocument' on input line 892.
 [31

]
Package atveryend Info: Empty hook `AfterLastShipout' on input line 892.
 (./doku.aux)
Package atveryend Info: Executing hook `AtVeryEndDocument' on input line 892.
Package atveryend Info: Executing hook `AtEndAfterFileList' on input line 892.
Package rerunfilecheck Info: File `doku.out' has not changed.
(rerunfilecheck)             Checksum: E553633713CD20E4A6EBE934A2B0D45D;1243.
Package atveryend Info: Empty hook `AtVeryVeryEnd' on input line 892.
 ) 
Here is how much of TeX's memory you used:
 12306 strings out of 492639
 176517 string characters out of 6135497
 497362 words of memory out of 5000000
 15730 multiletter control sequences out of 15000+600000
 87470 words of font info for 125 fonts, out of 8000000 for 9000
 1141 hyphenation exceptions out of 8191
 43i,11n,46p,270b,1892s stack positions out of 5000i,500n,10000p,200000b,80000s
{/usr/share/texmf-dist/fonts/enc/dvips/base/8r.enc}</usr/share/texmf-dist/fon
ts/type1/public/amsfonts/cm/cmbx12.pfb></usr/share/texmf-dist/fonts/type1/publi
c/amsfonts/cm/cmbx8.pfb></usr/share/texmf-dist/fonts/type1/public/amsfonts/cm/c
mex10.pfb></usr/share/texmf-dist/fonts/type1/public/amsfonts/cm/cmmi12.pfb></us
r/share/texmf-dist/fonts/type1/public/amsfonts/cm/cmmi8.pfb></usr/share/texmf-d
ist/fonts/type1/public/amsfonts/cm/cmmib10.pfb></usr/share/texmf-dist/fonts/typ
e1/public/amsfonts/cmextra/cmmib8.pfb></usr/share/texmf-dist/fonts/type1/public
/amsfonts/cm/cmr12.pfb></usr/share/texmf-dist/fonts/type1/public/amsfonts/cm/cm
r6.pfb></usr/share/texmf-dist/fonts/type1/public/amsfonts/cm/cmr8.pfb></usr/sha
re/texmf-dist/fonts/type1/public/amsfonts/cm/cmsy10.pfb></usr/share/texmf-dist/
fonts/type1/public/amsfonts/cm/cmsy6.pfb></usr/share/texmf-dist/fonts/type1/pub
lic/amsfonts/cm/cmsy8.pfb></usr/share/texmf-dist/fonts/type1/public/amsfonts/sy
mbols/msam10.pfb></usr/share/texmf-dist/fonts/type1/public/amsfonts/symbols/msb
m10.pfb></usr/share/texmf-dist/fonts/type1/urw/courier/ucrr8a.pfb></usr/share/t
exmf-dist/fonts/type1/urw/helvetic/uhvb8a.pfb></usr/share/texmf-dist/fonts/type
1/urw/helvetic/uhvr8a.pfb></usr/share/texmf-dist/fonts/type1/urw/helvetic/uhvro
8a.pfb></usr/share/texmf-dist/fonts/type1/urw/times/utmb8a.pfb></usr/share/texm
f-dist/fonts/type1/urw/times/utmr8a.pfb></usr/share/texmf-dist/fonts/type1/urw/
times/utmr8a.pfb></usr/share/texmf-dist/fonts/type1/urw/times/utmri8a.pfb>
Output written on doku.pdf (33 pages, 11508221 bytes).
PDF statistics:
 668 PDF objects out of 1000 (max. 8388607)
 530 compressed objects within 6 object streams
 211 named destinations out of 1000 (max. 500000)
 349 words of extra memory for PDF output out of 10000 (max. 10000000)

